INFO-
INFO-		Unigraphics Version NX V8.5 to AutoCAD 2004
INFO-		
INFO-
INFO-		Running UGTODWG Translator .....
INFO-
INFO-		Start of Translation: Sat Jul 04 14:14:27 2020
INFO-
STATUS-		Converting E:\[]XT+DXF\pressug.prt
STATUS-
SUMMARY-
SUMMARY-	Summary of Unigraphics Input Entities
SUMMARY-	For Unigraphics File: E:\[]XT+DXF\pressug.prt
SUMMARY-	------------------------------------------------------------------
SUMMARY-	Entity Type					Count
SUMMARY-	------------------------------------------------------------------
SUMMARY-	Line .....................................:	22
SUMMARY-	Point ....................................:	6
SUMMARY-	Circle ......................................:	1
SUMMARY-	Note .....................................:	5
SUMMARY-	Dimension ................................:	3
SUMMARY-	------------------------------------------------------------------
SUMMARY-	Total ....................................:	37
SUMMARY-	------------------------------------------------------------------
SUMMARY-
STATUS-
INFO-
INFO-		Writing File: D:\UG8.dwg
SUMMARY-	Summary of AutoCAD Output Entities
SUMMARY-	------------------------------------------------------------------
SUMMARY-	Entity Type					Count
SUMMARY-	------------------------------------------------------------------
SUMMARY-	Circle ...................................:	1
SUMMARY-	Dimension ................................:	3
SUMMARY-	Point ....................................:	6
SUMMARY-	Line .....................................:	31
SUMMARY-	Solid 2D .................................:	6
SUMMARY-	Multiline Text ...........................:	17
SUMMARY-	Layout ...................................:	6
SUMMARY-	------------------------------------------------------------------
SUMMARY-	Total ....................................:	70
SUMMARY-	------------------------------------------------------------------
SUMMARY-
INFO-
INFO-		End of Translation: Sat Jul 04 14:14:28 2020
INFO-		Translation CPU time: 0 m, 1 sINFO-
